<?xml version="1.0" encoding="UTF-8"?>
<TestRun id="7904d16b-88a0-4962-bb12-4dd7784c4bed" name="NerdSupport (2012-02-21 21:07:56)" runUser="GROUP\jpersson" xmlns="http://microsoft.com/schemas/VisualStudio/TeamTest/2010">
  <TestSettings name="NerdSupport" id="a677183a-2241-46a2-8e6f-b1b8040dce34">
    <Description>These are default test settings for a local test run.</Description>
    <Deployment runDeploymentRoot="NerdSupport _2012-02-21 21_07_56_">
      <DeploymentItem filename="C:\Projects\NerdSupport.nethouselkpg\Lib\TechTalk.SpecFlow.dll" />
    </Deployment>
    <NamingScheme baseName="NerdSupport" useDefault="false" />
    <Execution>
      <TestTypeSpecific>
        <UnitTestRunConfig testTypeId="13cdc9d9-ddb5-4fa4-a97d-d965ccfc6d4b">
          <AssemblyResolution>
            <TestDirectory useLoadContext="true" />
          </AssemblyResolution>
        </UnitTestRunConfig>
      </TestTypeSpecific>
      <AgentRule name="LocalMachineDefaultRole">
        <DataCollectors>
          <DataCollector uri="datacollector://microsoft/CodeCoverage/1.0" assemblyQualifiedName="Microsoft.VisualStudio.TestTools.CodeCoverage.CoveragePlugIn, Microsoft.VisualStudio.QualityTools.Plugins.CodeCoverage, Version=10.0.0.0, Culture=neutral, PublicKeyToken=b03f5f7f11d50a3a" friendlyName="Code Coverage">
            <Configuration>
              <CodeCoverage xmlns="">
                <AspNet>
                  <AspNetCodeCoverageItem id="67c8b33c-a6ae-421f-bf79-3fb8f37a64c0" name="NerdDinner" applicationRoot="/" url="http://localhost:0/" />
                </AspNet>
              </CodeCoverage>
            </Configuration>
          </DataCollector>
        </DataCollectors>
      </AgentRule>
    </Execution>
  </TestSettings>
  <Times creation="2012-02-21T21:07:56.3212376+01:00" queuing="2012-02-21T21:07:56.7062376+01:00" start="2012-02-21T21:07:56.7632376+01:00" finish="2012-02-21T21:07:59.9152376+01:00" />
  <ResultSummary outcome="Error">
    <Counters total="10" executed="10" error="0" failed="0" timeout="0" aborted="0" inconclusive="10" passedButRunAborted="0" notRunnable="0" notExecuted="0" disconnected="0" warning="0" passed="0" completed="0" inProgress="0" pending="0" />
    <RunInfos>
      <RunInfo computerName="PC260" outcome="Warning" timestamp="2012-02-21T21:07:56.3732376+01:00">
        <Text>Cannot open the ASP.NET project 'NerdDinner'.</Text>
      </RunInfo>
      <RunInfo computerName="PC260" outcome="Warning" timestamp="2012-02-21T21:07:56.4322376+01:00">
        <Text>Instrumentation error: cannot find binary C:\Projects\NerdSupport.nethouselkpg\NerdDinner.Tests\bin\Debug\NerdDinner.Tests.dll.</Text>
      </RunInfo>
      <RunInfo computerName="PC260" outcome="Error" timestamp="2012-02-21T21:07:57.2312376+01:00">
        <Text>Cannot find the local Web page 'NerdDinner'.</Text>
      </RunInfo>
    </RunInfos>
    <ResultFiles>
      <ResultFile path="PC260\data.coverage" />
    </ResultFiles>
  </ResultSummary>
  <TestDefinitions>
    <UnitTest name="UppdateraBefintligtArendeMhaIdIAmnesrad" storage="c:\projects\nerdsupport.nethouselkpg\specs\nerdsupport.specs\bin\debug\nerdsupport.specs.dll" id="d901931e-3f19-4255-095c-ea0d7be485eb">
      <Description>Uppdatera befintligt ärende mha id i ämnesrad</Description>
      <Execution id="73658ca2-ce72-4ace-a393-a15befd9e901" />
      <Properties>
        <Property>
          <Key>FeatureTitle</Key>
          <Value>Skapa ärende från e-mail</Value>
        </Property>
      </Properties>
      <TestMethod codeBase="C:/Projects/NerdSupport.nethouselkpg/Specs/NerdSupport.Specs/bin/Debug/NerdSupport.Specs.DLL" adapterTypeName="Microsoft.VisualStudio.TestTools.TestTypes.Unit.UnitTestAdapter, Microsoft.VisualStudio.QualityTools.Tips.UnitTest.Adapter, Version=10.0.0.0, Culture=neutral, PublicKeyToken=b03f5f7f11d50a3a" className="NerdSupport.Specs.Backlog.SkapaArendeFranE_MailFeature, NerdSupport.Specs, Version=1.0.0.0, Culture=neutral, PublicKeyToken=null" name="UppdateraBefintligtArendeMhaIdIAmnesrad" />
    </UnitTest>
    <UnitTest name="IngaReglerBrutna" storage="c:\projects\nerdsupport.nethouselkpg\specs\nerdsupport.specs\bin\debug\nerdsupport.specs.dll" id="00e18a09-7691-e101-fa8b-d577e6ebd3e2">
      <Description>Inga regler brutna</Description>
      <Execution id="8ebc2894-b175-4cdb-a55d-ecb64eb9a926" />
      <Properties>
        <Property>
          <Key>FeatureTitle</Key>
          <Value>Prioritering av arenden</Value>
        </Property>
      </Properties>
      <TestMethod codeBase="C:/Projects/NerdSupport.nethouselkpg/Specs/NerdSupport.Specs/bin/Debug/NerdSupport.Specs.DLL" adapterTypeName="Microsoft.VisualStudio.TestTools.TestTypes.Unit.UnitTestAdapter, Microsoft.VisualStudio.QualityTools.Tips.UnitTest.Adapter, Version=10.0.0.0, Culture=neutral, PublicKeyToken=b03f5f7f11d50a3a" className="NerdSupport.Specs.CurrentIteration.PrioriteringAvArendenFeature, NerdSupport.Specs, Version=1.0.0.0, Culture=neutral, PublicKeyToken=null" name="IngaReglerBrutna" />
    </UnitTest>
    <UnitTest name="AllaReglerArBrutna" storage="c:\projects\nerdsupport.nethouselkpg\specs\nerdsupport.specs\bin\debug\nerdsupport.specs.dll" id="6cc1fcc0-3332-ae46-a0cb-8052150c6ce0">
      <Description>Alla regler är brutna</Description>
      <Execution id="de68cfa6-7f26-4f76-ac74-2a2b50150068" />
      <Properties>
        <Property>
          <Key>FeatureTitle</Key>
          <Value>Prioritering av arenden</Value>
        </Property>
      </Properties>
      <TestMethod codeBase="C:/Projects/NerdSupport.nethouselkpg/Specs/NerdSupport.Specs/bin/Debug/NerdSupport.Specs.DLL" adapterTypeName="Microsoft.VisualStudio.TestTools.TestTypes.Unit.UnitTestAdapter, Microsoft.VisualStudio.QualityTools.Tips.UnitTest.Adapter, Version=10.0.0.0, Culture=neutral, PublicKeyToken=b03f5f7f11d50a3a" className="NerdSupport.Specs.CurrentIteration.PrioriteringAvArendenFeature, NerdSupport.Specs, Version=1.0.0.0, Culture=neutral, PublicKeyToken=null" name="AllaReglerArBrutna" />
    </UnitTest>
    <UnitTest name="ArendeMedPrio1" storage="c:\projects\nerdsupport.nethouselkpg\specs\nerdsupport.specs\bin\debug\nerdsupport.specs.dll" id="d37e4316-551f-ec59-2dae-752d0503e685">
      <Description>Ärende med prio 1</Description>
      <Execution id="51f7b3ee-6a17-4270-984a-c1ebf435dd1b" />
      <Properties>
        <Property>
          <Key>FeatureTitle</Key>
          <Value>Färgläggning av ärenden i lista</Value>
        </Property>
      </Properties>
      <TestMethod codeBase="C:/Projects/NerdSupport.nethouselkpg/Specs/NerdSupport.Specs/bin/Debug/NerdSupport.Specs.DLL" adapterTypeName="Microsoft.VisualStudio.TestTools.TestTypes.Unit.UnitTestAdapter, Microsoft.VisualStudio.QualityTools.Tips.UnitTest.Adapter, Version=10.0.0.0, Culture=neutral, PublicKeyToken=b03f5f7f11d50a3a" className="NerdSupport.Specs.Backlog.FarglaggningAvArendenIListaFeature, NerdSupport.Specs, Version=1.0.0.0, Culture=neutral, PublicKeyToken=null" name="ArendeMedPrio1" />
    </UnitTest>
    <UnitTest name="MailMedIdUtanBefintligtArende" storage="c:\projects\nerdsupport.nethouselkpg\specs\nerdsupport.specs\bin\debug\nerdsupport.specs.dll" id="c06af0f8-ac7a-10e8-bd8d-22dbf1e05abb">
      <Description>Mail med id utan befintligt ärende</Description>
      <Execution id="489318c9-963a-4b60-a38a-9dc863f9e304" />
      <Properties>
        <Property>
          <Key>FeatureTitle</Key>
          <Value>Skapa ärende från e-mail</Value>
        </Property>
      </Properties>
      <TestMethod codeBase="C:/Projects/NerdSupport.nethouselkpg/Specs/NerdSupport.Specs/bin/Debug/NerdSupport.Specs.DLL" adapterTypeName="Microsoft.VisualStudio.TestTools.TestTypes.Unit.UnitTestAdapter, Microsoft.VisualStudio.QualityTools.Tips.UnitTest.Adapter, Version=10.0.0.0, Culture=neutral, PublicKeyToken=b03f5f7f11d50a3a" className="NerdSupport.Specs.Backlog.SkapaArendeFranE_MailFeature, NerdSupport.Specs, Version=1.0.0.0, Culture=neutral, PublicKeyToken=null" name="MailMedIdUtanBefintligtArende" />
    </UnitTest>
    <UnitTest name="AvsandareFinnsEjRegistrerad" storage="c:\projects\nerdsupport.nethouselkpg\specs\nerdsupport.specs\bin\debug\nerdsupport.specs.dll" id="ebea8793-641b-7b6f-48e6-c64a47c81715">
      <Description>Avsändare finns ej registrerad</Description>
      <Execution id="cab90175-d2e9-4e15-beeb-c110738e81e6" />
      <Properties>
        <Property>
          <Key>FeatureTitle</Key>
          <Value>Filtrera e-mail i inkorg</Value>
        </Property>
      </Properties>
      <TestMethod codeBase="C:/Projects/NerdSupport.nethouselkpg/Specs/NerdSupport.Specs/bin/Debug/NerdSupport.Specs.DLL" adapterTypeName="Microsoft.VisualStudio.TestTools.TestTypes.Unit.UnitTestAdapter, Microsoft.VisualStudio.QualityTools.Tips.UnitTest.Adapter, Version=10.0.0.0, Culture=neutral, PublicKeyToken=b03f5f7f11d50a3a" className="NerdSupport.Specs.Backlog.FiltreraE_MailIInkorgFeature, NerdSupport.Specs, Version=1.0.0.0, Culture=neutral, PublicKeyToken=null" name="AvsandareFinnsEjRegistrerad" />
    </UnitTest>
    <UnitTest name="FleraLikadanaMail" storage="c:\projects\nerdsupport.nethouselkpg\specs\nerdsupport.specs\bin\debug\nerdsupport.specs.dll" id="3abda30b-ad5b-2d8a-74c4-a0650398c6d7">
      <Description>Flera likadana mail</Description>
      <Execution id="4443b5fe-8c66-4ed4-9840-f549bfbb4c96" />
      <Properties>
        <Property>
          <Key>FeatureTitle</Key>
          <Value>Filtrera e-mail i inkorg</Value>
        </Property>
      </Properties>
      <TestMethod codeBase="C:/Projects/NerdSupport.nethouselkpg/Specs/NerdSupport.Specs/bin/Debug/NerdSupport.Specs.DLL" adapterTypeName="Microsoft.VisualStudio.TestTools.TestTypes.Unit.UnitTestAdapter, Microsoft.VisualStudio.QualityTools.Tips.UnitTest.Adapter, Version=10.0.0.0, Culture=neutral, PublicKeyToken=b03f5f7f11d50a3a" className="NerdSupport.Specs.Backlog.FiltreraE_MailIInkorgFeature, NerdSupport.Specs, Version=1.0.0.0, Culture=neutral, PublicKeyToken=null" name="FleraLikadanaMail" />
    </UnitTest>
    <UnitTest name="SkapaNyttArende" storage="c:\projects\nerdsupport.nethouselkpg\specs\nerdsupport.specs\bin\debug\nerdsupport.specs.dll" id="70b81245-ee52-4702-0df8-1399c80b344d">
      <Description>Skapa nytt ärende</Description>
      <Execution id="81579f61-a8b4-4e0d-8ae6-407bafea9858" />
      <Properties>
        <Property>
          <Key>FeatureTitle</Key>
          <Value>Skapa ärende från e-mail</Value>
        </Property>
      </Properties>
      <TestMethod codeBase="C:/Projects/NerdSupport.nethouselkpg/Specs/NerdSupport.Specs/bin/Debug/NerdSupport.Specs.DLL" adapterTypeName="Microsoft.VisualStudio.TestTools.TestTypes.Unit.UnitTestAdapter, Microsoft.VisualStudio.QualityTools.Tips.UnitTest.Adapter, Version=10.0.0.0, Culture=neutral, PublicKeyToken=b03f5f7f11d50a3a" className="NerdSupport.Specs.Backlog.SkapaArendeFranE_MailFeature, NerdSupport.Specs, Version=1.0.0.0, Culture=neutral, PublicKeyToken=null" name="SkapaNyttArende" />
    </UnitTest>
    <UnitTest name="EnRegelArBruten" storage="c:\projects\nerdsupport.nethouselkpg\specs\nerdsupport.specs\bin\debug\nerdsupport.specs.dll" id="b8dd921f-0654-007a-fd51-0f6a5ba201b0">
      <Description>En regel är bruten</Description>
      <Execution id="25411088-702c-4b21-b972-d842ac084aef" />
      <Properties>
        <Property>
          <Key>FeatureTitle</Key>
          <Value>Prioritering av arenden</Value>
        </Property>
      </Properties>
      <TestMethod codeBase="C:/Projects/NerdSupport.nethouselkpg/Specs/NerdSupport.Specs/bin/Debug/NerdSupport.Specs.DLL" adapterTypeName="Microsoft.VisualStudio.TestTools.TestTypes.Unit.UnitTestAdapter, Microsoft.VisualStudio.QualityTools.Tips.UnitTest.Adapter, Version=10.0.0.0, Culture=neutral, PublicKeyToken=b03f5f7f11d50a3a" className="NerdSupport.Specs.CurrentIteration.PrioriteringAvArendenFeature, NerdSupport.Specs, Version=1.0.0.0, Culture=neutral, PublicKeyToken=null" name="EnRegelArBruten" />
    </UnitTest>
    <UnitTest name="Sortering" storage="c:\projects\nerdsupport.nethouselkpg\specs\nerdsupport.specs\bin\debug\nerdsupport.specs.dll" id="c79ebf9f-724c-9fbf-1a69-30cc1180a049">
      <Description>Sortering</Description>
      <Execution id="dde5816b-9456-4fca-8745-ace2467fb174" />
      <Properties>
        <Property>
          <Key>FeatureTitle</Key>
          <Value>Färgläggning av ärenden i lista</Value>
        </Property>
      </Properties>
      <TestMethod codeBase="C:/Projects/NerdSupport.nethouselkpg/Specs/NerdSupport.Specs/bin/Debug/NerdSupport.Specs.DLL" adapterTypeName="Microsoft.VisualStudio.TestTools.TestTypes.Unit.UnitTestAdapter, Microsoft.VisualStudio.QualityTools.Tips.UnitTest.Adapter, Version=10.0.0.0, Culture=neutral, PublicKeyToken=b03f5f7f11d50a3a" className="NerdSupport.Specs.Backlog.FarglaggningAvArendenIListaFeature, NerdSupport.Specs, Version=1.0.0.0, Culture=neutral, PublicKeyToken=null" name="Sortering" />
    </UnitTest>
  </TestDefinitions>
  <TestLists>
    <TestList name="Results Not in a List" id="8c84fa94-04c1-424b-9868-57a2d4851a1d" />
    <TestList name="All Loaded Results" id="19431567-8539-422a-85d7-44ee4e166bda" />
  </TestLists>
  <TestEntries>
    <TestEntry testId="00e18a09-7691-e101-fa8b-d577e6ebd3e2" executionId="8ebc2894-b175-4cdb-a55d-ecb64eb9a926" testListId="8c84fa94-04c1-424b-9868-57a2d4851a1d" />
    <TestEntry testId="3abda30b-ad5b-2d8a-74c4-a0650398c6d7" executionId="4443b5fe-8c66-4ed4-9840-f549bfbb4c96" testListId="8c84fa94-04c1-424b-9868-57a2d4851a1d" />
    <TestEntry testId="6cc1fcc0-3332-ae46-a0cb-8052150c6ce0" executionId="de68cfa6-7f26-4f76-ac74-2a2b50150068" testListId="8c84fa94-04c1-424b-9868-57a2d4851a1d" />
    <TestEntry testId="70b81245-ee52-4702-0df8-1399c80b344d" executionId="81579f61-a8b4-4e0d-8ae6-407bafea9858" testListId="8c84fa94-04c1-424b-9868-57a2d4851a1d" />
    <TestEntry testId="b8dd921f-0654-007a-fd51-0f6a5ba201b0" executionId="25411088-702c-4b21-b972-d842ac084aef" testListId="8c84fa94-04c1-424b-9868-57a2d4851a1d" />
    <TestEntry testId="c06af0f8-ac7a-10e8-bd8d-22dbf1e05abb" executionId="489318c9-963a-4b60-a38a-9dc863f9e304" testListId="8c84fa94-04c1-424b-9868-57a2d4851a1d" />
    <TestEntry testId="c79ebf9f-724c-9fbf-1a69-30cc1180a049" executionId="dde5816b-9456-4fca-8745-ace2467fb174" testListId="8c84fa94-04c1-424b-9868-57a2d4851a1d" />
    <TestEntry testId="d37e4316-551f-ec59-2dae-752d0503e685" executionId="51f7b3ee-6a17-4270-984a-c1ebf435dd1b" testListId="8c84fa94-04c1-424b-9868-57a2d4851a1d" />
    <TestEntry testId="d901931e-3f19-4255-095c-ea0d7be485eb" executionId="73658ca2-ce72-4ace-a393-a15befd9e901" testListId="8c84fa94-04c1-424b-9868-57a2d4851a1d" />
    <TestEntry testId="ebea8793-641b-7b6f-48e6-c64a47c81715" executionId="cab90175-d2e9-4e15-beeb-c110738e81e6" testListId="8c84fa94-04c1-424b-9868-57a2d4851a1d" />
  </TestEntries>
  <Results>
    <UnitTestResult executionId="8ebc2894-b175-4cdb-a55d-ecb64eb9a926" testId="00e18a09-7691-e101-fa8b-d577e6ebd3e2" testName="IngaReglerBrutna" computerName="PC260" duration="00:00:00.0948502" startTime="2012-02-21T21:07:57.4772376+01:00" endTime="2012-02-21T21:07:57.9142376+01:00" testType="13cdc9d9-ddb5-4fa4-a97d-d965ccfc6d4b" outcome="Inconclusive" testListId="8c84fa94-04c1-424b-9868-57a2d4851a1d" relativeResultsDirectory="8ebc2894-b175-4cdb-a55d-ecb64eb9a926">
      <Output>
        <StdOut>Givet att följande regler är kopplade till Nethouse avtal
  --- table step argument ---
  | Namn | Prioritetsklassificering |
  | Tid  | 3                        |
  | Pris | 1                        |
  | VIP  | 2                        |
-&gt; pending: IngaReglerBrutna.GivetAttFoljandeReglerArKoppladeTillNethouseAvtal(&lt;table&gt;)
Givet att inga regler är brutna
-&gt; skipped because of previous errors
När handläggaren granskar ärendets prioritet
-&gt; skipped because of previous errors
Så är ärendets prioritetsklassificering nollställd
-&gt; No matching step definition found for the step. Use the following code to create one:
    [Binding]
    public class StepDefinitions
    {
        [Then(@"är ärendets prioritetsklassificering nollställd")]
        public void SaArArendetsPrioritetsklassificeringNollstalld()
        {
            ScenarioContext.Current.Pending();
        }
    }</StdOut>
        <ErrorInfo>
          <Message>Assert.Inconclusive failed. No matching step definition found for one or more steps.
[Binding]
public class StepDefinitions
{
    [Then(@"är ärendets prioritetsklassificering nollställd")]
    public void SaArArendetsPrioritetsklassificeringNollstalld()
    {
        ScenarioContext.Current.Pending();
    }
}
</Message>
          <StackTrace>   at lambda_method(Closure , String , Object[] )
   at TechTalk.SpecFlow.UnitTestProvider.MsTestRuntimeProvider.TestInconclusive(String message)
   at TechTalk.SpecFlow.UnitTestProvider.MsTestRuntimeProvider.TestPending(String message)
   at TechTalk.SpecFlow.ErrorHandling.ErrorProvider.ThrowPendingError(TestStatus testStatus, String message)
   at TechTalk.SpecFlow.Infrastructure.TestExecutionEngine.OnAfterLastStep()
   at TechTalk.SpecFlow.TestRunner.CollectScenarioErrors()
   at NerdSupport.Specs.CurrentIteration.PrioriteringAvArendenFeature.ScenarioCleanup() in C:\Projects\NerdSupport.nethouselkpg\Specs\NerdSupport.Specs\CurrentIteration\PrioriteringAvArende.feature.cs:line 0
   at NerdSupport.Specs.CurrentIteration.PrioriteringAvArendenFeature.IngaReglerBrutna() in c:\Projects\NerdSupport.nethouselkpg\Specs\NerdSupport.Specs\CurrentIteration\PrioriteringAvArende.feature:line 30
</StackTrace>
        </ErrorInfo>
      </Output>
    </UnitTestResult>
    <UnitTestResult executionId="4443b5fe-8c66-4ed4-9840-f549bfbb4c96" testId="3abda30b-ad5b-2d8a-74c4-a0650398c6d7" testName="FleraLikadanaMail" computerName="PC260" duration="00:00:00.0095303" startTime="2012-02-21T21:07:57.9162376+01:00" endTime="2012-02-21T21:07:57.9322376+01:00" testType="13cdc9d9-ddb5-4fa4-a97d-d965ccfc6d4b" outcome="Inconclusive" testListId="8c84fa94-04c1-424b-9868-57a2d4851a1d" relativeResultsDirectory="4443b5fe-8c66-4ed4-9840-f549bfbb4c96">
      <Output>
        <StdOut>Givet att Hans redan har skickat in ett ärende via mail
-&gt; No matching step definition found for the step. Use the following code to create one:
    [Binding]
    public class StepDefinitions
    {
        [Given(@"att Hans redan har skickat in ett ärende via mail")]
        public void GivetAttHansRedanHarSkickatInEttArendeViaMail()
        {
            ScenarioContext.Current.Pending();
        }
    }

När Hans skickar samma mail en gång till
-&gt; No matching step definition found for the step. Use the following code to create one:
    [Binding]
    public class StepDefinitions
    {
        [When(@"Hans skickar samma mail en gång till")]
        public void NarHansSkickarSammaMailEnGangTill()
        {
            ScenarioContext.Current.Pending();
        }
    }

Så ska det inte skapas ett ärende
-&gt; No matching step definition found for the step. Use the following code to create one:
    [Binding]
    public class StepDefinitions
    {
        [Then(@"ska det inte skapas ett ärende")]
        public void SaSkaDetInteSkapasEttArende()
        {
            ScenarioContext.Current.Pending();
        }
    }</StdOut>
        <ErrorInfo>
          <Message>Assert.Inconclusive failed. No matching step definition found for one or more steps.
[Binding]
public class StepDefinitions
{
    [Given(@"att Hans redan har skickat in ett ärende via mail")]
    public void GivetAttHansRedanHarSkickatInEttArendeViaMail()
    {
        ScenarioContext.Current.Pending();
    }
    
    [Then(@"ska det inte skapas ett ärende")]
    public void SaSkaDetInteSkapasEttArende()
    {
        ScenarioContext.Current.Pending();
    }
    
    [When(@"Hans skickar samma mail en gång till")]
    public void NarHansSkickarSammaMailEnGangTill()
    {
        ScenarioContext.Current.Pending();
    }
}
</Message>
          <StackTrace>   at lambda_method(Closure , String , Object[] )
   at TechTalk.SpecFlow.UnitTestProvider.MsTestRuntimeProvider.TestInconclusive(String message)
   at TechTalk.SpecFlow.UnitTestProvider.MsTestRuntimeProvider.TestPending(String message)
   at TechTalk.SpecFlow.ErrorHandling.ErrorProvider.ThrowPendingError(TestStatus testStatus, String message)
   at TechTalk.SpecFlow.Infrastructure.TestExecutionEngine.OnAfterLastStep()
   at TechTalk.SpecFlow.TestRunner.CollectScenarioErrors()
   at NerdSupport.Specs.Backlog.FiltreraE_MailIInkorgFeature.ScenarioCleanup() in C:\Projects\NerdSupport.nethouselkpg\Specs\NerdSupport.Specs\Backlog\HittaEmailIInkorg.feature.cs:line 0
   at NerdSupport.Specs.Backlog.FiltreraE_MailIInkorgFeature.FleraLikadanaMail() in c:\Projects\NerdSupport.nethouselkpg\Specs\NerdSupport.Specs\Backlog\HittaEmailIInkorg.feature:line 17
</StackTrace>
        </ErrorInfo>
      </Output>
    </UnitTestResult>
    <UnitTestResult executionId="de68cfa6-7f26-4f76-ac74-2a2b50150068" testId="6cc1fcc0-3332-ae46-a0cb-8052150c6ce0" testName="AllaReglerArBrutna" computerName="PC260" duration="00:00:00.0066843" startTime="2012-02-21T21:07:57.9342376+01:00" endTime="2012-02-21T21:07:57.9442376+01:00" testType="13cdc9d9-ddb5-4fa4-a97d-d965ccfc6d4b" outcome="Inconclusive" testListId="8c84fa94-04c1-424b-9868-57a2d4851a1d" relativeResultsDirectory="de68cfa6-7f26-4f76-ac74-2a2b50150068">
      <Output>
        <StdOut>Givet att följande regler är kopplade till Nethouse avtal
  --- table step argument ---
  | Namn | Prioritetsklassificering |
  | Tid  | 3                        |
  | Pris | 1                        |
  | VIP  | 2                        |
-&gt; pending: IngaReglerBrutna.GivetAttFoljandeReglerArKoppladeTillNethouseAvtal(&lt;table&gt;)
Givet att alla regler är brutna
-&gt; No matching step definition found for the step. Use the following code to create one:
    [Binding]
    public class StepDefinitions
    {
        [Given(@"att alla regler är brutna")]
        public void GivetAttAllaReglerArBrutna()
        {
            ScenarioContext.Current.Pending();
        }
    }

När handläggaren granskar ärendets prioritet
-&gt; skipped because of previous errors
Så är ärendets prioritetsklassificering 1
-&gt; No matching step definition found for the step. Use the following code to create one:
    [Binding]
    public class StepDefinitions
    {
        [Then(@"är ärendets prioritetsklassificering 1")]
        public void SaArArendetsPrioritetsklassificering1()
        {
            ScenarioContext.Current.Pending();
        }
    }</StdOut>
        <ErrorInfo>
          <Message>Assert.Inconclusive failed. No matching step definition found for one or more steps.
[Binding]
public class StepDefinitions
{
    [Given(@"att alla regler är brutna")]
    public void GivetAttAllaReglerArBrutna()
    {
        ScenarioContext.Current.Pending();
    }
    
    [Then(@"är ärendets prioritetsklassificering 1")]
    public void SaArArendetsPrioritetsklassificering1()
    {
        ScenarioContext.Current.Pending();
    }
}
</Message>
          <StackTrace>   at lambda_method(Closure , String , Object[] )
   at TechTalk.SpecFlow.UnitTestProvider.MsTestRuntimeProvider.TestInconclusive(String message)
   at TechTalk.SpecFlow.UnitTestProvider.MsTestRuntimeProvider.TestPending(String message)
   at TechTalk.SpecFlow.ErrorHandling.ErrorProvider.ThrowPendingError(TestStatus testStatus, String message)
   at TechTalk.SpecFlow.Infrastructure.TestExecutionEngine.OnAfterLastStep()
   at TechTalk.SpecFlow.TestRunner.CollectScenarioErrors()
   at NerdSupport.Specs.CurrentIteration.PrioriteringAvArendenFeature.ScenarioCleanup() in C:\Projects\NerdSupport.nethouselkpg\Specs\NerdSupport.Specs\CurrentIteration\PrioriteringAvArende.feature.cs:line 0
   at NerdSupport.Specs.CurrentIteration.PrioriteringAvArendenFeature.AllaReglerArBrutna() in c:\Projects\NerdSupport.nethouselkpg\Specs\NerdSupport.Specs\CurrentIteration\PrioriteringAvArende.feature:line 25
</StackTrace>
        </ErrorInfo>
      </Output>
    </UnitTestResult>
    <UnitTestResult executionId="81579f61-a8b4-4e0d-8ae6-407bafea9858" testId="70b81245-ee52-4702-0df8-1399c80b344d" testName="SkapaNyttArende" computerName="PC260" duration="00:00:00.0085282" startTime="2012-02-21T21:07:57.9462376+01:00" endTime="2012-02-21T21:07:57.9592376+01:00" testType="13cdc9d9-ddb5-4fa4-a97d-d965ccfc6d4b" outcome="Inconclusive" testListId="8c84fa94-04c1-424b-9868-57a2d4851a1d" relativeResultsDirectory="81579f61-a8b4-4e0d-8ae6-407bafea9858">
      <Output>
        <StdOut>Givet följande e-mail
  --- table step argument ---
  | Ämne             | Brödtext           |
  | Problem med Lync | Hjälp det är panik |
-&gt; No matching step definition found for the step. Use the following code to create one:
    [Binding]
    public class StepDefinitions
    {
        [Given(@"följande e-mail")]
        public void GivetFoljandeE_Mail(Table table)
        {
            ScenarioContext.Current.Pending();
        }
    }

När Hans skickar in detta
-&gt; No matching step definition found for the step. Use the following code to create one:
    [Binding]
    public class StepDefinitions
    {
        [When(@"Hans skickar in detta")]
        public void NarHansSkickarInDetta()
        {
            ScenarioContext.Current.Pending();
        }
    }

Så ska ett nytt ärende skapas upp
-&gt; No matching step definition found for the step. Use the following code to create one:
    [Binding]
    public class StepDefinitions
    {
        [Then(@"ska ett nytt ärende skapas upp")]
        public void SaSkaEttNyttArendeSkapasUpp()
        {
            ScenarioContext.Current.Pending();
        }
    }</StdOut>
        <ErrorInfo>
          <Message>Assert.Inconclusive failed. No matching step definition found for one or more steps.
[Binding]
public class StepDefinitions
{
    [Given(@"följande e-mail")]
    public void GivetFoljandeE_Mail(Table table)
    {
        ScenarioContext.Current.Pending();
    }
    
    [Then(@"ska ett nytt ärende skapas upp")]
    public void SaSkaEttNyttArendeSkapasUpp()
    {
        ScenarioContext.Current.Pending();
    }
    
    [When(@"Hans skickar in detta")]
    public void NarHansSkickarInDetta()
    {
        ScenarioContext.Current.Pending();
    }
}
</Message>
          <StackTrace>   at lambda_method(Closure , String , Object[] )
   at TechTalk.SpecFlow.UnitTestProvider.MsTestRuntimeProvider.TestInconclusive(String message)
   at TechTalk.SpecFlow.UnitTestProvider.MsTestRuntimeProvider.TestPending(String message)
   at TechTalk.SpecFlow.ErrorHandling.ErrorProvider.ThrowPendingError(TestStatus testStatus, String message)
   at TechTalk.SpecFlow.Infrastructure.TestExecutionEngine.OnAfterLastStep()
   at TechTalk.SpecFlow.TestRunner.CollectScenarioErrors()
   at NerdSupport.Specs.Backlog.SkapaArendeFranE_MailFeature.ScenarioCleanup() in C:\Projects\NerdSupport.nethouselkpg\Specs\NerdSupport.Specs\Backlog\SkapaArendeFranEmail.feature.cs:line 0
   at NerdSupport.Specs.Backlog.SkapaArendeFranE_MailFeature.SkapaNyttArende() in c:\Projects\NerdSupport.nethouselkpg\Specs\NerdSupport.Specs\Backlog\SkapaArendeFranEmail.feature:line 14
</StackTrace>
        </ErrorInfo>
      </Output>
    </UnitTestResult>
    <UnitTestResult executionId="25411088-702c-4b21-b972-d842ac084aef" testId="b8dd921f-0654-007a-fd51-0f6a5ba201b0" testName="EnRegelArBruten" computerName="PC260" duration="00:00:00.0078898" startTime="2012-02-21T21:07:57.9612376+01:00" endTime="2012-02-21T21:07:57.9732376+01:00" testType="13cdc9d9-ddb5-4fa4-a97d-d965ccfc6d4b" outcome="Inconclusive" testListId="8c84fa94-04c1-424b-9868-57a2d4851a1d" relativeResultsDirectory="25411088-702c-4b21-b972-d842ac084aef">
      <Output>
        <StdOut>Givet att följande regler är kopplade till Nethouse avtal
  --- table step argument ---
  | Namn | Prioritetsklassificering |
  | Tid  | 3                        |
  | Pris | 1                        |
  | VIP  | 2                        |
-&gt; pending: IngaReglerBrutna.GivetAttFoljandeReglerArKoppladeTillNethouseAvtal(&lt;table&gt;)
Givet att VIP regeln bryts
-&gt; No matching step definition found for the step. Use the following code to create one:
    [Binding]
    public class StepDefinitions
    {
        [Given(@"att VIP regeln bryts")]
        public void GivetAttVIPRegelnBryts()
        {
            ScenarioContext.Current.Pending();
        }
    }

När handläggaren granskar ärendets prioritet
-&gt; skipped because of previous errors
Så är ärendets prioritetsklassificering 2
-&gt; No matching step definition found for the step. Use the following code to create one:
    [Binding]
    public class StepDefinitions
    {
        [Then(@"är ärendets prioritetsklassificering 2")]
        public void SaArArendetsPrioritetsklassificering2()
        {
            ScenarioContext.Current.Pending();
        }
    }</StdOut>
        <ErrorInfo>
          <Message>Assert.Inconclusive failed. No matching step definition found for one or more steps.
[Binding]
public class StepDefinitions
{
    [Given(@"att VIP regeln bryts")]
    public void GivetAttVIPRegelnBryts()
    {
        ScenarioContext.Current.Pending();
    }
    
    [Then(@"är ärendets prioritetsklassificering 2")]
    public void SaArArendetsPrioritetsklassificering2()
    {
        ScenarioContext.Current.Pending();
    }
}
</Message>
          <StackTrace>   at lambda_method(Closure , String , Object[] )
   at TechTalk.SpecFlow.UnitTestProvider.MsTestRuntimeProvider.TestInconclusive(String message)
   at TechTalk.SpecFlow.UnitTestProvider.MsTestRuntimeProvider.TestPending(String message)
   at TechTalk.SpecFlow.ErrorHandling.ErrorProvider.ThrowPendingError(TestStatus testStatus, String message)
   at TechTalk.SpecFlow.Infrastructure.TestExecutionEngine.OnAfterLastStep()
   at TechTalk.SpecFlow.TestRunner.CollectScenarioErrors()
   at NerdSupport.Specs.CurrentIteration.PrioriteringAvArendenFeature.ScenarioCleanup() in C:\Projects\NerdSupport.nethouselkpg\Specs\NerdSupport.Specs\CurrentIteration\PrioriteringAvArende.feature.cs:line 0
   at NerdSupport.Specs.CurrentIteration.PrioriteringAvArendenFeature.EnRegelArBruten() in c:\Projects\NerdSupport.nethouselkpg\Specs\NerdSupport.Specs\CurrentIteration\PrioriteringAvArende.feature:line 20
</StackTrace>
        </ErrorInfo>
      </Output>
    </UnitTestResult>
    <UnitTestResult executionId="489318c9-963a-4b60-a38a-9dc863f9e304" testId="c06af0f8-ac7a-10e8-bd8d-22dbf1e05abb" testName="MailMedIdUtanBefintligtArende" computerName="PC260" duration="00:00:00.0099248" startTime="2012-02-21T21:07:57.9752376+01:00" endTime="2012-02-21T21:07:57.9882376+01:00" testType="13cdc9d9-ddb5-4fa4-a97d-d965ccfc6d4b" outcome="Inconclusive" testListId="8c84fa94-04c1-424b-9868-57a2d4851a1d" relativeResultsDirectory="489318c9-963a-4b60-a38a-9dc863f9e304">
      <Output>
        <StdOut>Givet följande email
  --- table step argument ---
  | Ämne              | Brödtext                  |
  | 602 fungerar inte | Mitt tangentbord är borta |
-&gt; No matching step definition found for the step. Use the following code to create one:
    [Binding]
    public class StepDefinitions
    {
        [Given(@"följande email")]
        public void GivetFoljandeEmail(Table table)
        {
            ScenarioContext.Current.Pending();
        }
    }

Och att det inte finns något befintligt ärende med id 602
-&gt; No matching step definition found for the step. Use the following code to create one:
    [Binding]
    public class StepDefinitions
    {
        [Given(@"att det inte finns något befintligt ärende med id 602")]
        public void GivetAttDetInteFinnsNagotBefintligtArendeMedId602()
        {
            ScenarioContext.Current.Pending();
        }
    }

När Greta skickar emailet
-&gt; No matching step definition found for the step. Use the following code to create one:
    [Binding]
    public class StepDefinitions
    {
        [When(@"Greta skickar emailet")]
        public void NarGretaSkickarEmailet()
        {
            ScenarioContext.Current.Pending();
        }
    }

Så ska inget ärende skapas
-&gt; No matching step definition found for the step. Use the following code to create one:
    [Binding]
    public class StepDefinitions
    {
        [Then(@"ska inget ärende skapas")]
        public void SaSkaIngetArendeSkapas()
        {
            ScenarioContext.Current.Pending();
        }
    }</StdOut>
        <ErrorInfo>
          <Message>Assert.Inconclusive failed. No matching step definition found for one or more steps.
[Binding]
public class StepDefinitions
{
    [Given(@"att det inte finns något befintligt ärende med id 602")]
    public void GivetAttDetInteFinnsNagotBefintligtArendeMedId602()
    {
        ScenarioContext.Current.Pending();
    }
    
    [Given(@"följande email")]
    public void GivetFoljandeEmail(Table table)
    {
        ScenarioContext.Current.Pending();
    }
    
    [Then(@"ska inget ärende skapas")]
    public void SaSkaIngetArendeSkapas()
    {
        ScenarioContext.Current.Pending();
    }
    
    [When(@"Greta skickar emailet")]
    public void NarGretaSkickarEmailet()
    {
        ScenarioContext.Current.Pending();
    }
}
</Message>
          <StackTrace>   at lambda_method(Closure , String , Object[] )
   at TechTalk.SpecFlow.UnitTestProvider.MsTestRuntimeProvider.TestInconclusive(String message)
   at TechTalk.SpecFlow.UnitTestProvider.MsTestRuntimeProvider.TestPending(String message)
   at TechTalk.SpecFlow.ErrorHandling.ErrorProvider.ThrowPendingError(TestStatus testStatus, String message)
   at TechTalk.SpecFlow.Infrastructure.TestExecutionEngine.OnAfterLastStep()
   at TechTalk.SpecFlow.TestRunner.CollectScenarioErrors()
   at NerdSupport.Specs.Backlog.SkapaArendeFranE_MailFeature.ScenarioCleanup() in C:\Projects\NerdSupport.nethouselkpg\Specs\NerdSupport.Specs\Backlog\SkapaArendeFranEmail.feature.cs:line 0
   at NerdSupport.Specs.Backlog.SkapaArendeFranE_MailFeature.MailMedIdUtanBefintligtArende() in c:\Projects\NerdSupport.nethouselkpg\Specs\NerdSupport.Specs\Backlog\SkapaArendeFranEmail.feature:line 35
</StackTrace>
        </ErrorInfo>
      </Output>
    </UnitTestResult>
    <UnitTestResult executionId="dde5816b-9456-4fca-8745-ace2467fb174" testId="c79ebf9f-724c-9fbf-1a69-30cc1180a049" testName="Sortering" computerName="PC260" duration="00:00:00.0133578" startTime="2012-02-21T21:07:57.9902376+01:00" endTime="2012-02-21T21:07:58.0082376+01:00" testType="13cdc9d9-ddb5-4fa4-a97d-d965ccfc6d4b" outcome="Inconclusive" testListId="8c84fa94-04c1-424b-9868-57a2d4851a1d" relativeResultsDirectory="dde5816b-9456-4fca-8745-ace2467fb174">
      <Output>
        <StdOut>Givet följande ärenden
  --- table step argument ---
  | Ärende  | Prioritetsklassificering |
  | viktigt | 1                        |
  | mindre  | 2                        |
-&gt; No matching step definition found for the step. Use the following code to create one:
    [Binding]
    public class StepDefinitions
    {
        [Given(@"följande ärenden")]
        public void GivetFoljandeArenden(Table table)
        {
            ScenarioContext.Current.Pending();
        }
    }

När handläggaren listar ärenden
-&gt; No matching step definition found for the step. Use the following code to create one:
    [Binding]
    public class StepDefinitions
    {
        [When(@"handläggaren listar ärenden")]
        public void NarHandlaggarenListarArenden()
        {
            ScenarioContext.Current.Pending();
        }
    }

Så ska "viktigt ärende" vara överst
-&gt; No matching step definition found for the step. Use the following code to create one:
    [Binding]
    public class StepDefinitions
    {
        [Then(@"ska ""viktigt ärende"" vara överst")]
        public void SaSkaViktigtArendeVaraOverst()
        {
            ScenarioContext.Current.Pending();
        }
    }

Och "minst viktigt ärende" ska vara underst
-&gt; No matching step definition found for the step. Use the following code to create one:
    [Binding]
    public class StepDefinitions
    {
        [Then(@"""minst viktigt ärende"" ska vara underst")]
        public void SaMinstViktigtArendeSkaVaraUnderst()
        {
            ScenarioContext.Current.Pending();
        }
    }</StdOut>
        <ErrorInfo>
          <Message>Assert.Inconclusive failed. No matching step definition found for one or more steps.
[Binding]
public class StepDefinitions
{
    [Given(@"följande ärenden")]
    public void GivetFoljandeArenden(Table table)
    {
        ScenarioContext.Current.Pending();
    }
    
    [Then(@"""minst viktigt ärende"" ska vara underst")]
    public void SaMinstViktigtArendeSkaVaraUnderst()
    {
        ScenarioContext.Current.Pending();
    }
    
    [Then(@"ska ""viktigt ärende"" vara överst")]
    public void SaSkaViktigtArendeVaraOverst()
    {
        ScenarioContext.Current.Pending();
    }
    
    [When(@"handläggaren listar ärenden")]
    public void NarHandlaggarenListarArenden()
    {
        ScenarioContext.Current.Pending();
    }
}
</Message>
          <StackTrace>   at lambda_method(Closure , String , Object[] )
   at TechTalk.SpecFlow.UnitTestProvider.MsTestRuntimeProvider.TestInconclusive(String message)
   at TechTalk.SpecFlow.UnitTestProvider.MsTestRuntimeProvider.TestPending(String message)
   at TechTalk.SpecFlow.ErrorHandling.ErrorProvider.ThrowPendingError(TestStatus testStatus, String message)
   at TechTalk.SpecFlow.Infrastructure.TestExecutionEngine.OnAfterLastStep()
   at TechTalk.SpecFlow.TestRunner.CollectScenarioErrors()
   at NerdSupport.Specs.Backlog.FarglaggningAvArendenIListaFeature.ScenarioCleanup() in C:\Projects\NerdSupport.nethouselkpg\Specs\NerdSupport.Specs\Backlog\FarglaggningAvArendelista.feature.cs:line 0
   at NerdSupport.Specs.Backlog.FarglaggningAvArendenIListaFeature.Sortering() in c:\Projects\NerdSupport.nethouselkpg\Specs\NerdSupport.Specs\Backlog\FarglaggningAvArendelista.feature:line 25
</StackTrace>
        </ErrorInfo>
      </Output>
    </UnitTestResult>
    <UnitTestResult executionId="51f7b3ee-6a17-4270-984a-c1ebf435dd1b" testId="d37e4316-551f-ec59-2dae-752d0503e685" testName="ArendeMedPrio1" computerName="PC260" duration="00:00:00.0093910" startTime="2012-02-21T21:07:58.0112376+01:00" endTime="2012-02-21T21:07:58.0232376+01:00" testType="13cdc9d9-ddb5-4fa4-a97d-d965ccfc6d4b" outcome="Inconclusive" testListId="8c84fa94-04c1-424b-9868-57a2d4851a1d" relativeResultsDirectory="51f7b3ee-6a17-4270-984a-c1ebf435dd1b">
      <Output>
        <StdOut>Givet ett ärende med prio 1
-&gt; No matching step definition found for the step. Use the following code to create one:
    [Binding]
    public class StepDefinitions
    {
        [Given(@"ett ärende med prio 1")]
        public void GivetEttArendeMedPrio1()
        {
            ScenarioContext.Current.Pending();
        }
    }

Och att prio 1 kodas med röd färg
-&gt; No matching step definition found for the step. Use the following code to create one:
    [Binding]
    public class StepDefinitions
    {
        [Given(@"att prio 1 kodas med röd färg")]
        public void GivetAttPrio1KodasMedRodFarg()
        {
            ScenarioContext.Current.Pending();
        }
    }

När handläggaren listar ärenden
-&gt; No matching step definition found for the step. Use the following code to create one:
    [Binding]
    public class StepDefinitions
    {
        [When(@"handläggaren listar ärenden")]
        public void NarHandlaggarenListarArenden()
        {
            ScenarioContext.Current.Pending();
        }
    }

Så har ärendet röd färg
-&gt; No matching step definition found for the step. Use the following code to create one:
    [Binding]
    public class StepDefinitions
    {
        [Then(@"har ärendet röd färg")]
        public void SaHarArendetRodFarg()
        {
            ScenarioContext.Current.Pending();
        }
    }</StdOut>
        <ErrorInfo>
          <Message>Assert.Inconclusive failed. No matching step definition found for one or more steps.
[Binding]
public class StepDefinitions
{
    [Given(@"att prio 1 kodas med röd färg")]
    public void GivetAttPrio1KodasMedRodFarg()
    {
        ScenarioContext.Current.Pending();
    }
    
    [Given(@"ett ärende med prio 1")]
    public void GivetEttArendeMedPrio1()
    {
        ScenarioContext.Current.Pending();
    }
    
    [Then(@"har ärendet röd färg")]
    public void SaHarArendetRodFarg()
    {
        ScenarioContext.Current.Pending();
    }
    
    [When(@"handläggaren listar ärenden")]
    public void NarHandlaggarenListarArenden()
    {
        ScenarioContext.Current.Pending();
    }
}
</Message>
          <StackTrace>   at lambda_method(Closure , String , Object[] )
   at TechTalk.SpecFlow.UnitTestProvider.MsTestRuntimeProvider.TestInconclusive(String message)
   at TechTalk.SpecFlow.UnitTestProvider.MsTestRuntimeProvider.TestPending(String message)
   at TechTalk.SpecFlow.ErrorHandling.ErrorProvider.ThrowPendingError(TestStatus testStatus, String message)
   at TechTalk.SpecFlow.Infrastructure.TestExecutionEngine.OnAfterLastStep()
   at TechTalk.SpecFlow.TestRunner.CollectScenarioErrors()
   at NerdSupport.Specs.Backlog.FarglaggningAvArendenIListaFeature.ScenarioCleanup() in C:\Projects\NerdSupport.nethouselkpg\Specs\NerdSupport.Specs\Backlog\FarglaggningAvArendelista.feature.cs:line 0
   at NerdSupport.Specs.Backlog.FarglaggningAvArendenIListaFeature.ArendeMedPrio1() in c:\Projects\NerdSupport.nethouselkpg\Specs\NerdSupport.Specs\Backlog\FarglaggningAvArendelista.feature:line 13
</StackTrace>
        </ErrorInfo>
      </Output>
    </UnitTestResult>
    <UnitTestResult executionId="73658ca2-ce72-4ace-a393-a15befd9e901" testId="d901931e-3f19-4255-095c-ea0d7be485eb" testName="UppdateraBefintligtArendeMhaIdIAmnesrad" computerName="PC260" duration="00:00:00.0088079" startTime="2012-02-21T21:07:58.0252376+01:00" endTime="2012-02-21T21:07:58.0372376+01:00" testType="13cdc9d9-ddb5-4fa4-a97d-d965ccfc6d4b" outcome="Inconclusive" testListId="8c84fa94-04c1-424b-9868-57a2d4851a1d" relativeResultsDirectory="73658ca2-ce72-4ace-a393-a15befd9e901">
      <Output>
        <StdOut>Givet följande email
  --- table step argument ---
  | Ämne                | Brödtext            |
  | Mer problem med 502 | Återigen problem :( |
-&gt; No matching step definition found for the step. Use the following code to create one:
    [Binding]
    public class StepDefinitions
    {
        [Given(@"följande email")]
        public void GivetFoljandeEmail(Table table)
        {
            ScenarioContext.Current.Pending();
        }
    }

Och att följande ärenden redan finns registrerade
  --- table step argument ---
  | Id  | Ämne                | Beskrivning         |
  | 502 | Mer problem med 502 | Återigen problem :( |
-&gt; No matching step definition found for the step. Use the following code to create one:
    [Binding]
    public class StepDefinitions
    {
        [Given(@"att följande ärenden redan finns registrerade")]
        public void GivetAttFoljandeArendenRedanFinnsRegistrerade(Table table)
        {
            ScenarioContext.Current.Pending();
        }
    }

När Greta skickar emailet
-&gt; No matching step definition found for the step. Use the following code to create one:
    [Binding]
    public class StepDefinitions
    {
        [When(@"Greta skickar emailet")]
        public void NarGretaSkickarEmailet()
        {
            ScenarioContext.Current.Pending();
        }
    }

Så ska det befintliga ärendet uppdateras
-&gt; No matching step definition found for the step. Use the following code to create one:
    [Binding]
    public class StepDefinitions
    {
        [Then(@"ska det befintliga ärendet uppdateras")]
        public void SaSkaDetBefintligaArendetUppdateras()
        {
            ScenarioContext.Current.Pending();
        }
    }</StdOut>
        <ErrorInfo>
          <Message>Assert.Inconclusive failed. No matching step definition found for one or more steps.
[Binding]
public class StepDefinitions
{
    [Given(@"att följande ärenden redan finns registrerade")]
    public void GivetAttFoljandeArendenRedanFinnsRegistrerade(Table table)
    {
        ScenarioContext.Current.Pending();
    }
    
    [Given(@"följande email")]
    public void GivetFoljandeEmail(Table table)
    {
        ScenarioContext.Current.Pending();
    }
    
    [Then(@"ska det befintliga ärendet uppdateras")]
    public void SaSkaDetBefintligaArendetUppdateras()
    {
        ScenarioContext.Current.Pending();
    }
    
    [When(@"Greta skickar emailet")]
    public void NarGretaSkickarEmailet()
    {
        ScenarioContext.Current.Pending();
    }
}
</Message>
          <StackTrace>   at lambda_method(Closure , String , Object[] )
   at TechTalk.SpecFlow.UnitTestProvider.MsTestRuntimeProvider.TestInconclusive(String message)
   at TechTalk.SpecFlow.UnitTestProvider.MsTestRuntimeProvider.TestPending(String message)
   at TechTalk.SpecFlow.ErrorHandling.ErrorProvider.ThrowPendingError(TestStatus testStatus, String message)
   at TechTalk.SpecFlow.Infrastructure.TestExecutionEngine.OnAfterLastStep()
   at TechTalk.SpecFlow.TestRunner.CollectScenarioErrors()
   at NerdSupport.Specs.Backlog.SkapaArendeFranE_MailFeature.ScenarioCleanup() in C:\Projects\NerdSupport.nethouselkpg\Specs\NerdSupport.Specs\Backlog\SkapaArendeFranEmail.feature.cs:line 0
   at NerdSupport.Specs.Backlog.SkapaArendeFranE_MailFeature.UppdateraBefintligtArendeMhaIdIAmnesrad() in c:\Projects\NerdSupport.nethouselkpg\Specs\NerdSupport.Specs\Backlog\SkapaArendeFranEmail.feature:line 26
</StackTrace>
        </ErrorInfo>
      </Output>
    </UnitTestResult>
    <UnitTestResult executionId="cab90175-d2e9-4e15-beeb-c110738e81e6" testId="ebea8793-641b-7b6f-48e6-c64a47c81715" testName="AvsandareFinnsEjRegistrerad" computerName="PC260" duration="00:00:00.0080893" startTime="2012-02-21T21:07:58.0392376+01:00" endTime="2012-02-21T21:07:58.0502376+01:00" testType="13cdc9d9-ddb5-4fa4-a97d-d965ccfc6d4b" outcome="Inconclusive" testListId="8c84fa94-04c1-424b-9868-57a2d4851a1d" relativeResultsDirectory="cab90175-d2e9-4e15-beeb-c110738e81e6">
      <Output>
        <StdOut>Givet att Ove inte finns registrerad som användare
-&gt; No matching step definition found for the step. Use the following code to create one:
    [Binding]
    public class StepDefinitions
    {
        [Given(@"att Ove inte finns registrerad som användare")]
        public void GivetAttOveInteFinnsRegistreradSomAnvandare()
        {
            ScenarioContext.Current.Pending();
        }
    }

När Ove skickar in ett e-mail
-&gt; No matching step definition found for the step. Use the following code to create one:
    [Binding]
    public class StepDefinitions
    {
        [When(@"Ove skickar in ett e-mail")]
        public void NarOveSkickarInEttE_Mail()
        {
            ScenarioContext.Current.Pending();
        }
    }

Så ska det inte skapas ett ärende
-&gt; No matching step definition found for the step. Use the following code to create one:
    [Binding]
    public class StepDefinitions
    {
        [Then(@"ska det inte skapas ett ärende")]
        public void SaSkaDetInteSkapasEttArende()
        {
            ScenarioContext.Current.Pending();
        }
    }</StdOut>
        <ErrorInfo>
          <Message>Assert.Inconclusive failed. No matching step definition found for one or more steps.
[Binding]
public class StepDefinitions
{
    [Given(@"att Ove inte finns registrerad som användare")]
    public void GivetAttOveInteFinnsRegistreradSomAnvandare()
    {
        ScenarioContext.Current.Pending();
    }
    
    [Then(@"ska det inte skapas ett ärende")]
    public void SaSkaDetInteSkapasEttArende()
    {
        ScenarioContext.Current.Pending();
    }
    
    [When(@"Ove skickar in ett e-mail")]
    public void NarOveSkickarInEttE_Mail()
    {
        ScenarioContext.Current.Pending();
    }
}
</Message>
          <StackTrace>   at lambda_method(Closure , String , Object[] )
   at TechTalk.SpecFlow.UnitTestProvider.MsTestRuntimeProvider.TestInconclusive(String message)
   at TechTalk.SpecFlow.UnitTestProvider.MsTestRuntimeProvider.TestPending(String message)
   at TechTalk.SpecFlow.ErrorHandling.ErrorProvider.ThrowPendingError(TestStatus testStatus, String message)
   at TechTalk.SpecFlow.Infrastructure.TestExecutionEngine.OnAfterLastStep()
   at TechTalk.SpecFlow.TestRunner.CollectScenarioErrors()
   at NerdSupport.Specs.Backlog.FiltreraE_MailIInkorgFeature.ScenarioCleanup() in C:\Projects\NerdSupport.nethouselkpg\Specs\NerdSupport.Specs\Backlog\HittaEmailIInkorg.feature.cs:line 0
   at NerdSupport.Specs.Backlog.FiltreraE_MailIInkorgFeature.AvsandareFinnsEjRegistrerad() in c:\Projects\NerdSupport.nethouselkpg\Specs\NerdSupport.Specs\Backlog\HittaEmailIInkorg.feature:line 12
</StackTrace>
        </ErrorInfo>
      </Output>
    </UnitTestResult>
  </Results>
</TestRun>